[15:57:05] [Server thread/INFO]: Starting minecraft server version 1.15.2
[15:57:05] [Server thread/INFO]: Loading properties
[15:57:06] [Server thread/INFO]: This server is running CraftBukkit version git-Spigot-a99063f-be6aaf0 (MC: 1.15.2) (Implementing API version 1.15.2-R0.1-SNAPSHOT)
[15:57:06] [Server thread/INFO]: Debug logging is disabled
[15:57:06] [Server thread/INFO]: Using 4 threads for Netty based IO
[15:57:06] [Server thread/INFO]: Server Ping Player Sample Count: 12
[15:57:06] [Server thread/INFO]: Default game type: SURVIVAL
[15:57:06] [Server thread/INFO]: Generating keypair
[15:57:07] [Server thread/INFO]: Starting Minecraft server on *:25565
[15:57:07] [Server thread/INFO]: Using epoll channel type
[15:57:08] [Server thread/INFO]: [Essentials] Loading Essentials v2.17.1.25
[15:57:08] [Server thread/INFO]: [EssentialsChat] Loading EssentialsChat v2.17.1.25
[15:57:08] [Server thread/INFO]: [EssentialsXMPP] Loading EssentialsXMPP v2.17.1.25
[15:57:08] [Server thread/INFO]: Preparing level "piss"
[15:57:08] [Server thread/INFO]: Reloading ResourceManager: Default, bukkit
[15:57:41] [Server thread/INFO]: Loaded 6 recipes
[15:57:47] [Server thread/INFO]: -------- World Settings For [piss] --------
[15:57:47] [Server thread/INFO]: Experience Merge Radius: 3.0
[15:57:47] [Server thread/INFO]: Mob Spawn Range: 6
[15:57:47] [Server thread/INFO]: Cactus Growth Modifier: 100%
[15:57:47] [Server thread/INFO]: Cane Growth Modifier: 100%
[15:57:47] [Server thread/INFO]: Melon Growth Modifier: 100%
[15:57:47] [Server thread/INFO]: Mushroom Growth Modifier: 100%
[15:57:47] [Server thread/INFO]: Pumpkin Growth Modifier: 100%
[15:57:47] [Server thread/INFO]: Sapling Growth Modifier: 100%
[15:57:47] [Server thread/INFO]: Beetroot Growth Modifier: 100%
[15:57:47] [Server thread/INFO]: Carrot Growth Modifier: 100%
[15:57:47] [Server thread/INFO]: Potato Growth Modifier: 100%
[15:57:47] [Server thread/INFO]: Wheat Growth Modifier: 100%
[15:57:47] [Server thread/INFO]: NetherWart Growth Modifier: 100%
[15:57:47] [Server thread/INFO]: Vine Growth Modifier: 100%
[15:57:47] [Server thread/INFO]: Cocoa Growth Modifier: 100%
[15:57:47] [Server thread/INFO]: Bamboo Growth Modifier: 100%
[15:57:47] [Server thread/INFO]: SweetBerry Growth Modifier: 100%
[15:57:47] [Server thread/INFO]: Kelp Growth Modifier: 100%
[15:57:47] [Server thread/INFO]: Entity Activation Range: An 32 / Mo 32 / Ra 48 / Mi 16 / Tiv true
[15:57:47] [Server thread/INFO]: Entity Tracking Range: Pl 48 / An 48 / Mo 48 / Mi 32 / Other 64
[15:57:47] [Server thread/INFO]: Hopper Transfer: 8 Hopper Check: 1 Hopper Amount: 1
[15:57:47] [Server thread/INFO]: Custom Map Seeds:  Village: 10387312 Desert: 14357617 Igloo: 14357618 Jungle: 14357619 Swamp: 14357620 Monument: 10387313 Ocean: 14357621 Shipwreck: 165745295 End City: 10387313 Slime: 987234911
[15:57:47] [Server thread/INFO]: Max TNT Explosions: 100
[15:57:47] [Server thread/INFO]: Tile Max Tick Time: 50ms Entity max Tick Time: 50ms
[15:57:47] [Server thread/INFO]: View Distance: 10
[15:57:47] [Server thread/INFO]: Allow Zombie Pigmen to spawn from portal blocks: true
[15:57:47] [Server thread/INFO]: Item Despawn Rate: 6000
[15:57:47] [Server thread/INFO]: Item Merge Radius: 2.5
[15:57:47] [Server thread/INFO]: Arrow Despawn Rate: 1200 Trident Respawn Rate:1200
[15:57:47] [Server thread/INFO]: Zombie Aggressive Towards Villager: true
[15:57:47] [Server thread/INFO]: Nerfing mobs spawned from spawners: false
[15:57:48] [Server thread/INFO]: -------- World Settings For [piss_nether] --------
[15:57:48] [Server thread/INFO]: Experience Merge Radius: 3.0
[15:57:48] [Server thread/INFO]: Mob Spawn Range: 6
[15:57:48] [Server thread/INFO]: Cactus Growth Modifier: 100%
[15:57:48] [Server thread/INFO]: Cane Growth Modifier: 100%
[15:57:48] [Server thread/INFO]: Melon Growth Modifier: 100%
[15:57:48] [Server thread/INFO]: Mushroom Growth Modifier: 100%
[15:57:48] [Server thread/INFO]: Pumpkin Growth Modifier: 100%
[15:57:48] [Server thread/INFO]: Sapling Growth Modifier: 100%
[15:57:48] [Server thread/INFO]: Beetroot Growth Modifier: 100%
[15:57:48] [Server thread/INFO]: Carrot Growth Modifier: 100%
[15:57:48] [Server thread/INFO]: Potato Growth Modifier: 100%
[15:57:48] [Server thread/INFO]: Wheat Growth Modifier: 100%
[15:57:48] [Server thread/INFO]: NetherWart Growth Modifier: 100%
[15:57:48] [Server thread/INFO]: Vine Growth Modifier: 100%
[15:57:48] [Server thread/INFO]: Cocoa Growth Modifier: 100%
[15:57:48] [Server thread/INFO]: Bamboo Growth Modifier: 100%
[15:57:48] [Server thread/INFO]: SweetBerry Growth Modifier: 100%
[15:57:48] [Server thread/INFO]: Kelp Growth Modifier: 100%
[15:57:48] [Server thread/INFO]: Entity Activation Range: An 32 / Mo 32 / Ra 48 / Mi 16 / Tiv true
[15:57:48] [Server thread/INFO]: Entity Tracking Range: Pl 48 / An 48 / Mo 48 / Mi 32 / Other 64
[15:57:48] [Server thread/INFO]: Hopper Transfer: 8 Hopper Check: 1 Hopper Amount: 1
[15:57:48] [Server thread/INFO]: Custom Map Seeds:  Village: 10387312 Desert: 14357617 Igloo: 14357618 Jungle: 14357619 Swamp: 14357620 Monument: 10387313 Ocean: 14357621 Shipwreck: 165745295 End City: 10387313 Slime: 987234911
[15:57:48] [Server thread/INFO]: Max TNT Explosions: 100
[15:57:48] [Server thread/INFO]: Tile Max Tick Time: 50ms Entity max Tick Time: 50ms
[15:57:48] [Server thread/INFO]: View Distance: 10
[15:57:48] [Server thread/INFO]: Allow Zombie Pigmen to spawn from portal blocks: true
[15:57:48] [Server thread/INFO]: Item Despawn Rate: 6000
[15:57:48] [Server thread/INFO]: Item Merge Radius: 2.5
[15:57:48] [Server thread/INFO]: Arrow Despawn Rate: 1200 Trident Respawn Rate:1200
[15:57:48] [Server thread/INFO]: Zombie Aggressive Towards Villager: true
[15:57:48] [Server thread/INFO]: Nerfing mobs spawned from spawners: false
[15:57:48] [Server thread/INFO]: -------- World Settings For [piss_the_end] --------
[15:57:48] [Server thread/INFO]: Experience Merge Radius: 3.0
[15:57:48] [Server thread/INFO]: Mob Spawn Range: 6
[15:57:48] [Server thread/INFO]: Cactus Growth Modifier: 100%
[15:57:48] [Server thread/INFO]: Cane Growth Modifier: 100%
[15:57:48] [Server thread/INFO]: Melon Growth Modifier: 100%
[15:57:48] [Server thread/INFO]: Mushroom Growth Modifier: 100%
[15:57:48] [Server thread/INFO]: Pumpkin Growth Modifier: 100%
[15:57:48] [Server thread/INFO]: Sapling Growth Modifier: 100%
[15:57:48] [Server thread/INFO]: Beetroot Growth Modifier: 100%
[15:57:48] [Server thread/INFO]: Carrot Growth Modifier: 100%
[15:57:48] [Server thread/INFO]: Potato Growth Modifier: 100%
[15:57:48] [Server thread/INFO]: Wheat Growth Modifier: 100%
[15:57:48] [Server thread/INFO]: NetherWart Growth Modifier: 100%
[15:57:48] [Server thread/INFO]: Vine Growth Modifier: 100%
[15:57:48] [Server thread/INFO]: Cocoa Growth Modifier: 100%
[15:57:48] [Server thread/INFO]: Bamboo Growth Modifier: 100%
[15:57:48] [Server thread/INFO]: SweetBerry Growth Modifier: 100%
[15:57:48] [Server thread/INFO]: Kelp Growth Modifier: 100%
[15:57:48] [Server thread/INFO]: Entity Activation Range: An 32 / Mo 32 / Ra 48 / Mi 16 / Tiv true
[15:57:48] [Server thread/INFO]: Entity Tracking Range: Pl 48 / An 48 / Mo 48 / Mi 32 / Other 64
[15:57:48] [Server thread/INFO]: Hopper Transfer: 8 Hopper Check: 1 Hopper Amount: 1
[15:57:48] [Server thread/INFO]: Custom Map Seeds:  Village: 10387312 Desert: 14357617 Igloo: 14357618 Jungle: 14357619 Swamp: 14357620 Monument: 10387313 Ocean: 14357621 Shipwreck: 165745295 End City: 10387313 Slime: 987234911
[15:57:48] [Server thread/INFO]: Max TNT Explosions: 100
[15:57:48] [Server thread/INFO]: Tile Max Tick Time: 50ms Entity max Tick Time: 50ms
[15:57:48] [Server thread/INFO]: View Distance: 10
[15:57:48] [Server thread/INFO]: Allow Zombie Pigmen to spawn from portal blocks: true
[15:57:48] [Server thread/INFO]: Item Despawn Rate: 6000
[15:57:48] [Server thread/INFO]: Item Merge Radius: 2.5
[15:57:48] [Server thread/INFO]: Arrow Despawn Rate: 1200 Trident Respawn Rate:1200
[15:57:48] [Server thread/INFO]: Zombie Aggressive Towards Villager: true
[15:57:48] [Server thread/INFO]: Nerfing mobs spawned from spawners: false
[15:57:48] [Server thread/INFO]: Preparing start region for dimension 'piss'/minecraft:overworld
[15:57:50] [Server thread/INFO]: Preparing spawn area: 0%
[15:57:50] [Server thread/INFO]: Preparing spawn area: 0%
[15:57:50] [Server thread/INFO]: Preparing spawn area: 0%
[15:57:50] [Server thread/INFO]: Preparing spawn area: 0%
[15:57:50] [Server thread/INFO]: Preparing spawn area: 0%
[15:57:50] [Server-Worker-1/INFO]: Preparing spawn area: 0%
[15:57:51] [Server thread/INFO]: Preparing spawn area: 0%
[15:57:53] [Server thread/INFO]: Time elapsed: 4805 ms
[15:57:53] [Server thread/INFO]: Preparing start region for dimension 'piss_nether'/minecraft:the_nether
[15:57:54] [Server thread/INFO]: Preparing spawn area: 0%
[15:57:54] [Server thread/INFO]: Preparing spawn area: 0%
[15:57:54] [Server thread/INFO]: Preparing spawn area: 0%
[15:57:54] [Server thread/INFO]: Time elapsed: 1536 ms
[15:57:54] [Server thread/INFO]: Preparing start region for dimension 'piss_the_end'/minecraft:the_end
[15:57:55] [Server thread/INFO]: Preparing spawn area: 0%
[15:57:55] [Server thread/INFO]: Preparing spawn area: 0%
[15:57:55] [Server-Worker-1/INFO]: Preparing spawn area: 83%
[15:57:56] [Server-Worker-1/INFO]: Preparing spawn area: 83%
[15:57:56] [Server-Worker-1/INFO]: Preparing spawn area: 83%
[15:57:57] [Server-Worker-1/INFO]: Preparing spawn area: 84%
[15:57:57] [Server-Worker-1/INFO]: Preparing spawn area: 91%
[15:57:57] [Server thread/INFO]: Time elapsed: 3044 ms
[15:57:57] [Server thread/INFO]: [Essentials] Enabling Essentials v2.17.1.25
[15:57:57] [Server thread/ERROR]: [Essentials] You are running an unsupported server version!
[15:57:57] [Server thread/INFO]: Attempting to convert old kits in config.yml to new kits.yml
[15:57:58] [Server thread/INFO]: No kits found to migrate.
[15:57:58] [Server thread/INFO]: [Essentials] Using 1.8.3+ BlockStateMeta provider as mob spawner provider.
[15:57:58] [Server thread/INFO]: [Essentials] Using 1.13+ flat spawn egg provider as spawn egg provider.
[15:57:58] [Server thread/INFO]: [Essentials] Using 1.9+ BasePotionData provider as potion meta provider.
[15:57:58] [Server thread/INFO]: Loaded 20977 items from items.json.
[15:57:58] [Server thread/INFO]: Using locale en
[15:57:58] [Server thread/INFO]: [Essentials] ServerListPingEvent: Spigot iterator API
[15:57:58] [Server thread/INFO]: [Essentials] Starting Metrics. Opt-out using the global bStats config.
[15:57:58] [Server thread/INFO]: [Essentials] Using config file enhanced permissions.
[15:57:58] [Server thread/INFO]: [Essentials] Permissions listed in as player-commands will be given to all users.
[15:57:58] [Server thread/INFO]: [EssentialsChat] Enabling EssentialsChat v2.17.1.25
[15:57:58] [Server thread/INFO]: [EssentialsXMPP] Enabling EssentialsXMPP v2.17.1.25
[15:57:58] [Server thread/WARN]: config broken for xmpp
[15:57:58] [Server thread/INFO]: Server permissions file permissions.yml is empty, ignoring it
[15:57:59] [Server thread/INFO]: Done (50.731s)! For help, type "help"
[15:58:21] [Server thread/INFO]: Saving the game (this may take a moment!)
[15:58:24] [Server thread/INFO]: Saved the game
[15:58:47] [User Authenticator #1/INFO]: UUID of player LongMilk is a83fd3cf-ef5c-4631-975d-f15cdf39bc27
[15:58:48] [Server thread/INFO]: LongMilk[/23.119.143.3:55066] logged in with entity id 74 at ([piss]-41.707553365544626, 63.0, 1047.3635144692669)
[15:58:49] [Server thread/WARN]: [Essentials] Task #7 for Essentials v2.17.1.25 generated an exception
java.lang.NullPointerException: null
	at com.earth2me.essentials.xmpp.XMPPManager.updatePresence(XMPPManager.java:146) ~[?:?]
	at com.earth2me.essentials.xmpp.EssentialsXMPP.updatePresence(EssentialsXMPP.java:113) ~[?:?]
	at org.bukkit.craftbukkit.v1_15_R1.scheduler.CraftTask.run(CraftTask.java:81) ~[spigot-1.15.2.jar:git-Spigot-a99063f-be6aaf0]
	at org.bukkit.craftbukkit.v1_15_R1.scheduler.CraftScheduler.mainThreadHeartbeat(CraftScheduler.java:400) [spigot-1.15.2.jar:git-Spigot-a99063f-be6aaf0]
	at net.minecraft.server.v1_15_R1.MinecraftServer.b(MinecraftServer.java:1036) [spigot-1.15.2.jar:git-Spigot-a99063f-be6aaf0]
	at net.minecraft.server.v1_15_R1.DedicatedServer.b(DedicatedServer.java:406) [spigot-1.15.2.jar:git-Spigot-a99063f-be6aaf0]
	at net.minecraft.server.v1_15_R1.MinecraftServer.a(MinecraftServer.java:984) [spigot-1.15.2.jar:git-Spigot-a99063f-be6aaf0]
	at net.minecraft.server.v1_15_R1.MinecraftServer.run(MinecraftServer.java:824) [spigot-1.15.2.jar:git-Spigot-a99063f-be6aaf0]
	at java.lang.Thread.run(Thread.java:834) [?:?]
[15:58:54] [Server thread/INFO]: LongMilk issued server command: /warps
[15:59:02] [Server thread/INFO]: LongMilk issued server command: /day
[15:59:07] [Server thread/INFO]: LongMilk issued server command: /help
[15:59:15] [Server thread/INFO]: LongMilk issued server command: /sun
[15:59:36] [Server thread/INFO]: LongMilk issued server command: /warps
[15:59:43] [Server thread/INFO]: LongMilk issued server command: /warp fortress
[15:59:46] [Server thread/INFO]: LongMilk issued server command: /back
[15:59:48] [Server thread/INFO]: LongMilk lost connection: Disconnected
[15:59:48] [Server thread/INFO]: LongMilk left the game
[15:59:49] [Server thread/WARN]: [Essentials] Task #11 for Essentials v2.17.1.25 generated an exception
java.lang.NullPointerException: null
	at com.earth2me.essentials.xmpp.XMPPManager.updatePresence(XMPPManager.java:142) ~[?:?]
	at com.earth2me.essentials.xmpp.EssentialsXMPP.updatePresence(EssentialsXMPP.java:113) ~[?:?]
	at org.bukkit.craftbukkit.v1_15_R1.scheduler.CraftTask.run(CraftTask.java:81) ~[spigot-1.15.2.jar:git-Spigot-a99063f-be6aaf0]
	at org.bukkit.craftbukkit.v1_15_R1.scheduler.CraftScheduler.mainThreadHeartbeat(CraftScheduler.java:400) [spigot-1.15.2.jar:git-Spigot-a99063f-be6aaf0]
	at net.minecraft.server.v1_15_R1.MinecraftServer.b(MinecraftServer.java:1036) [spigot-1.15.2.jar:git-Spigot-a99063f-be6aaf0]
	at net.minecraft.server.v1_15_R1.DedicatedServer.b(DedicatedServer.java:406) [spigot-1.15.2.jar:git-Spigot-a99063f-be6aaf0]
	at net.minecraft.server.v1_15_R1.MinecraftServer.a(MinecraftServer.java:984) [spigot-1.15.2.jar:git-Spigot-a99063f-be6aaf0]
	at net.minecraft.server.v1_15_R1.MinecraftServer.run(MinecraftServer.java:824) [spigot-1.15.2.jar:git-Spigot-a99063f-be6aaf0]
	at java.lang.Thread.run(Thread.java:834) [?:?]
[16:00:43] [User Authenticator #2/INFO]: UUID of player LongMilk is a83fd3cf-ef5c-4631-975d-f15cdf39bc27
[16:00:43] [Server thread/INFO]: LongMilk[/23.119.143.3:55095] logged in with entity id 535 at ([piss]-36.5, 63.0, 1037.5)
[16:00:43] [Server thread/WARN]: [Essentials] Task #13 for Essentials v2.17.1.25 generated an exception
java.lang.NullPointerException: null
	at com.earth2me.essentials.xmpp.XMPPManager.updatePresence(XMPPManager.java:146) ~[?:?]
	at com.earth2me.essentials.xmpp.EssentialsXMPP.updatePresence(EssentialsXMPP.java:113) ~[?:?]
	at org.bukkit.craftbukkit.v1_15_R1.scheduler.CraftTask.run(CraftTask.java:81) ~[spigot-1.15.2.jar:git-Spigot-a99063f-be6aaf0]
	at org.bukkit.craftbukkit.v1_15_R1.scheduler.CraftScheduler.mainThreadHeartbeat(CraftScheduler.java:400) [spigot-1.15.2.jar:git-Spigot-a99063f-be6aaf0]
	at net.minecraft.server.v1_15_R1.MinecraftServer.b(MinecraftServer.java:1036) [spigot-1.15.2.jar:git-Spigot-a99063f-be6aaf0]
	at net.minecraft.server.v1_15_R1.DedicatedServer.b(DedicatedServer.java:406) [spigot-1.15.2.jar:git-Spigot-a99063f-be6aaf0]
	at net.minecraft.server.v1_15_R1.MinecraftServer.a(MinecraftServer.java:984) [spigot-1.15.2.jar:git-Spigot-a99063f-be6aaf0]
	at net.minecraft.server.v1_15_R1.MinecraftServer.run(MinecraftServer.java:824) [spigot-1.15.2.jar:git-Spigot-a99063f-be6aaf0]
	at java.lang.Thread.run(Thread.java:834) [?:?]
[16:00:47] [Async Chat Thread - #0/INFO]: [m<[0;31;22m[0;35;1msandwhore[m> piss[m
[16:00:49] [Netty Epoll Server IO #3/WARN]: An exceptionCaught() event was fired, and it reached at the tail of the pipeline. It usually means the last handler in the pipeline did not handle the exception.
java.nio.channels.ClosedChannelException: null
	at io.netty.channel.AbstractChannel$AbstractUnsafe.write(...)(Unknown Source) ~[spigot-1.15.2.jar:git-Spigot-a99063f-be6aaf0]
[16:00:49] [Server thread/INFO]: LongMilk lost connection: Disconnected
[16:00:49] [Server thread/INFO]: LongMilk left the game
[16:00:49] [Server thread/WARN]: [Essentials] Task #16 for Essentials v2.17.1.25 generated an exception
java.lang.NullPointerException: null
	at com.earth2me.essentials.xmpp.XMPPManager.updatePresence(XMPPManager.java:142) ~[?:?]
	at com.earth2me.essentials.xmpp.EssentialsXMPP.updatePresence(EssentialsXMPP.java:113) ~[?:?]
	at org.bukkit.craftbukkit.v1_15_R1.scheduler.CraftTask.run(CraftTask.java:81) ~[spigot-1.15.2.jar:git-Spigot-a99063f-be6aaf0]
	at org.bukkit.craftbukkit.v1_15_R1.scheduler.CraftScheduler.mainThreadHeartbeat(CraftScheduler.java:400) [spigot-1.15.2.jar:git-Spigot-a99063f-be6aaf0]
	at net.minecraft.server.v1_15_R1.MinecraftServer.b(MinecraftServer.java:1036) [spigot-1.15.2.jar:git-Spigot-a99063f-be6aaf0]
	at net.minecraft.server.v1_15_R1.DedicatedServer.b(DedicatedServer.java:406) [spigot-1.15.2.jar:git-Spigot-a99063f-be6aaf0]
	at net.minecraft.server.v1_15_R1.MinecraftServer.a(MinecraftServer.java:984) [spigot-1.15.2.jar:git-Spigot-a99063f-be6aaf0]
	at net.minecraft.server.v1_15_R1.MinecraftServer.run(MinecraftServer.java:824) [spigot-1.15.2.jar:git-Spigot-a99063f-be6aaf0]
	at java.lang.Thread.run(Thread.java:834) [?:?]
[16:01:03] [Server thread/INFO]: Saving the game (this may take a moment!)
[16:01:03] [Server thread/INFO]: Saved the game
[16:01:05] [Server thread/INFO]: Stopping the server
[16:01:05] [Server thread/INFO]: Stopping server
[16:01:05] [Server thread/INFO]: [EssentialsXMPP] Disabling EssentialsXMPP v2.17.1.25
[16:01:05] [Server thread/INFO]: [EssentialsChat] Disabling EssentialsChat v2.17.1.25
[16:01:05] [Server thread/INFO]: [Essentials] Disabling Essentials v2.17.1.25
[16:01:05] [Server thread/INFO]: Saving players
[16:01:06] [Server thread/INFO]: Saving worlds
[16:01:06] [Server thread/INFO]: Saving chunks for level 'piss'/minecraft:overworld
[16:01:06] [Server thread/INFO]: ThreadedAnvilChunkStorage (piss): All chunks are saved
[16:01:06] [Server thread/INFO]: Saving chunks for level 'piss_nether'/minecraft:the_nether
[16:01:06] [Server thread/INFO]: ThreadedAnvilChunkStorage (DIM-1): All chunks are saved
[16:01:06] [Server thread/INFO]: Saving chunks for level 'piss_the_end'/minecraft:the_end
[16:01:06] [Server thread/INFO]: ThreadedAnvilChunkStorage (DIM1): All chunks are saved
[16:01:06] [Server thread/INFO]: ThreadedAnvilChunkStorage (piss): All chunks are saved
[16:01:06] [Server thread/INFO]: ThreadedAnvilChunkStorage (DIM-1): All chunks are saved
[16:01:06] [Server thread/INFO]: ThreadedAnvilChunkStorage (DIM1): All chunks are saved
